{"/Users/evan/sdc/atelier-questions-backend/src/index.ts": {"path":"/Users/evan/sdc/atelier-questions-backend/src/index.ts","statementMap":{"0":{"start":{"line":6,"column":15},"end":{"line":6,"column":37}},"1":{"start":{"line":7,"column":25},"end":{"line":7,"column":34}},"2":{"start":{"line":9,"column":0},"end":{"line":9,"column":24}},"3":{"start":{"line":10,"column":0},"end":{"line":10,"column":16}},"4":{"start":{"line":11,"column":0},"end":{"line":11,"column":46}},"5":{"start":{"line":17,"column":0},"end":{"line":21,"column":3}},"6":{"start":{"line":18,"column":20},"end":{"line":18,"column":58}},"7":{"start":{"line":19,"column":2},"end":{"line":20,"column":36}},"8":{"start":{"line":20,"column":20},"end":{"line":20,"column":35}},"9":{"start":{"line":23,"column":0},"end":{"line":27,"column":3}},"10":{"start":{"line":24,"column":21},"end":{"line":24,"column":60}},"11":{"start":{"line":25,"column":2},"end":{"line":26,"column":36}},"12":{"start":{"line":26,"column":20},"end":{"line":26,"column":35}},"13":{"start":{"line":29,"column":0},"end":{"line":36,"column":3}},"14":{"start":{"line":30,"column":21},"end":{"line":30,"column":57}},"15":{"start":{"line":31,"column":15},"end":{"line":31,"column":28}},"16":{"start":{"line":32,"column":15},"end":{"line":32,"column":28}},"17":{"start":{"line":33,"column":16},"end":{"line":33,"column":30}},"18":{"start":{"line":34,"column":2},"end":{"line":34,"column":null}},"19":{"start":{"line":35,"column":2},"end":{"line":35,"column":30}},"20":{"start":{"line":38,"column":0},"end":{"line":46,"column":3}},"21":{"start":{"line":39,"column":22},"end":{"line":39,"column":61}},"22":{"start":{"line":40,"column":15},"end":{"line":40,"column":28}},"23":{"start":{"line":41,"column":15},"end":{"line":41,"column":28}},"24":{"start":{"line":42,"column":16},"end":{"line":42,"column":30}},"25":{"start":{"line":43,"column":17},"end":{"line":43,"column":32}},"26":{"start":{"line":44,"column":2},"end":{"line":44,"column":null}},"27":{"start":{"line":45,"column":2},"end":{"line":45,"column":28}},"28":{"start":{"line":48,"column":0},"end":{"line":53,"column":null}},"29":{"start":{"line":49,"column":22},"end":{"line":49,"column":52}},"30":{"start":{"line":51,"column":2},"end":{"line":51,"column":null}},"31":{"start":{"line":52,"column":2},"end":{"line":52,"column":38}},"32":{"start":{"line":55,"column":0},"end":{"line":60,"column":null}},"33":{"start":{"line":56,"column":22},"end":{"line":56,"column":52}},"34":{"start":{"line":58,"column":2},"end":{"line":58,"column":null}},"35":{"start":{"line":59,"column":2},"end":{"line":59,"column":32}},"36":{"start":{"line":62,"column":0},"end":{"line":67,"column":null}},"37":{"start":{"line":63,"column":20},"end":{"line":63,"column":48}},"38":{"start":{"line":65,"column":2},"end":{"line":65,"column":null}},"39":{"start":{"line":66,"column":2},"end":{"line":66,"column":36}},"40":{"start":{"line":69,"column":0},"end":{"line":74,"column":null}},"41":{"start":{"line":70,"column":20},"end":{"line":70,"column":48}},"42":{"start":{"line":72,"column":2},"end":{"line":72,"column":null}},"43":{"start":{"line":73,"column":2},"end":{"line":73,"column":30}},"44":{"start":{"line":76,"column":0},"end":{"line":80,"column":null}},"45":{"start":{"line":77,"column":2},"end":{"line":77,"column":null}},"46":{"start":{"line":77,"column":28},"end":{"line":77,"column":76}},"47":{"start":{"line":79,"column":2},"end":{"line":79,"column":null}}},"fnMap":{"0":{"name":"(anonymous_0)","decl":{"start":{"line":17,"column":37},"end":{"line":17,"column":38}},"loc":{"start":{"line":17,"column":46},"end":{"line":21,"column":1}}},"1":{"name":"(anonymous_1)","decl":{"start":{"line":20,"column":10},"end":{"line":20,"column":11}},"loc":{"start":{"line":20,"column":15},"end":{"line":20,"column":23}}},"2":{"name":"(anonymous_2)","decl":{"start":{"line":23,"column":46},"end":{"line":23,"column":47}},"loc":{"start":{"line":23,"column":55},"end":{"line":27,"column":1}}},"3":{"name":"(anonymous_3)","decl":{"start":{"line":26,"column":10},"end":{"line":26,"column":11}},"loc":{"start":{"line":26,"column":15},"end":{"line":26,"column":23}}},"4":{"name":"(anonymous_4)","decl":{"start":{"line":29,"column":26},"end":{"line":29,"column":27}},"loc":{"start":{"line":29,"column":35},"end":{"line":36,"column":1}}},"5":{"name":"(anonymous_5)","decl":{"start":{"line":38,"column":47},"end":{"line":38,"column":48}},"loc":{"start":{"line":38,"column":56},"end":{"line":46,"column":1}}},"6":{"name":"(anonymous_6)","decl":{"start":{"line":48,"column":46},"end":{"line":48,"column":47}},"loc":{"start":{"line":48,"column":55},"end":{"line":53,"column":1}}},"7":{"name":"(anonymous_7)","decl":{"start":{"line":55,"column":45},"end":{"line":55,"column":46}},"loc":{"start":{"line":55,"column":54},"end":{"line":60,"column":1}}},"8":{"name":"(anonymous_8)","decl":{"start":{"line":62,"column":42},"end":{"line":62,"column":43}},"loc":{"start":{"line":62,"column":51},"end":{"line":67,"column":1}}},"9":{"name":"(anonymous_9)","decl":{"start":{"line":69,"column":41},"end":{"line":69,"column":42}},"loc":{"start":{"line":69,"column":50},"end":{"line":74,"column":1}}},"10":{"name":"(anonymous_10)","decl":{"start":{"line":77,"column":21},"end":{"line":77,"column":28}},"loc":{"start":{"line":77,"column":21},"end":{"line":77,"column":76}}}},"branchMap":{"0":{"loc":{"start":{"line":6,"column":15},"end":{"line":6,"column":37}},"type":"binary-expr","locations":[{"start":{"line":6,"column":15},"end":{"line":6,"column":31}},{"start":{"line":6,"column":35},"end":{"line":6,"column":37}}]}},"s":{"0":1,"1":1,"2":1,"3":1,"4":1,"5":1,"6":2,"7":2,"8":2,"9":1,"10":1,"11":1,"12":1,"13":1,"14":1,"15":1,"16":1,"17":1,"18":1,"19":1,"20":1,"21":1,"22":1,"23":1,"24":1,"25":1,"26":1,"27":1,"28":1,"29":1,"30":1,"31":1,"32":1,"33":1,"34":1,"35":1,"36":1,"37":1,"38":1,"39":1,"40":1,"41":1,"42":1,"43":1,"44":1,"45":1,"46":0,"47":0},"f":{"0":2,"1":2,"2":1,"3":1,"4":1,"5":1,"6":1,"7":1,"8":1,"9":1,"10":0},"b":{"0":[1,0]}}
,"/Users/evan/sdc/atelier-questions-backend/src/server/db/database.ts": {"path":"/Users/evan/sdc/atelier-questions-backend/src/server/db/database.ts","statementMap":{"0":{"start":{"line":4,"column":0},"end":{"line":4,"column":16}},"1":{"start":{"line":5,"column":15},"end":{"line":5,"column":40}},"2":{"start":{"line":6,"column":15},"end":{"line":6,"column":40}},"3":{"start":{"line":7,"column":15},"end":{"line":7,"column":40}},"4":{"start":{"line":8,"column":15},"end":{"line":8,"column":40}},"5":{"start":{"line":11,"column":18},"end":{"line":14,"column":2}}},"fnMap":{},"branchMap":{"0":{"loc":{"start":{"line":5,"column":15},"end":{"line":5,"column":40}},"type":"binary-expr","locations":[{"start":{"line":5,"column":15},"end":{"line":5,"column":34}},{"start":{"line":5,"column":38},"end":{"line":5,"column":40}}]},"1":{"loc":{"start":{"line":6,"column":15},"end":{"line":6,"column":40}},"type":"binary-expr","locations":[{"start":{"line":6,"column":15},"end":{"line":6,"column":34}},{"start":{"line":6,"column":38},"end":{"line":6,"column":40}}]},"2":{"loc":{"start":{"line":7,"column":15},"end":{"line":7,"column":40}},"type":"binary-expr","locations":[{"start":{"line":7,"column":15},"end":{"line":7,"column":34}},{"start":{"line":7,"column":38},"end":{"line":7,"column":40}}]},"3":{"loc":{"start":{"line":8,"column":15},"end":{"line":8,"column":40}},"type":"binary-expr","locations":[{"start":{"line":8,"column":15},"end":{"line":8,"column":34}},{"start":{"line":8,"column":38},"end":{"line":8,"column":40}}]}},"s":{"0":1,"1":1,"2":1,"3":1,"4":1,"5":1},"f":{},"b":{"0":[1,0],"1":[1,0],"2":[1,1],"3":[1,0]}}
,"/Users/evan/sdc/atelier-questions-backend/src/server/db/dbRoutes.ts": {"path":"/Users/evan/sdc/atelier-questions-backend/src/server/db/dbRoutes.ts","statementMap":{"0":{"start":{"line":7,"column":28},"end":{"line":68,"column":36}},"1":{"start":{"line":7,"column":54},"end":{"line":68,"column":36}},"2":{"start":{"line":7,"column":59},"end":{"line":68,"column":36}},"3":{"start":{"line":15,"column":4},"end":{"line":15,"column":27}},"4":{"start":{"line":16,"column":19},"end":{"line":16,"column":28}},"5":{"start":{"line":17,"column":4},"end":{"line":17,"column":35}},"6":{"start":{"line":18,"column":20},"end":{"line":18,"column":29}},"7":{"start":{"line":19,"column":4},"end":{"line":63,"column":7}},"8":{"start":{"line":20,"column":6},"end":{"line":62,"column":null}},"9":{"start":{"line":21,"column":8},"end":{"line":38,"column":null}},"10":{"start":{"line":22,"column":22},"end":{"line":22,"column":34}},"11":{"start":{"line":23,"column":10},"end":{"line":23,"column":78}},"12":{"start":{"line":25,"column":10},"end":{"line":25,"column":66}},"13":{"start":{"line":26,"column":10},"end":{"line":26,"column":78}},"14":{"start":{"line":27,"column":10},"end":{"line":27,"column":82}},"15":{"start":{"line":28,"column":10},"end":{"line":28,"column":115}},"16":{"start":{"line":29,"column":10},"end":{"line":29,"column":100}},"17":{"start":{"line":30,"column":10},"end":{"line":30,"column":96}},"18":{"start":{"line":31,"column":10},"end":{"line":31,"column":73}},"19":{"start":{"line":33,"column":23},"end":{"line":33,"column":32}},"20":{"start":{"line":34,"column":10},"end":{"line":37,"column":null}},"21":{"start":{"line":35,"column":12},"end":{"line":35,"column":38}},"22":{"start":{"line":36,"column":12},"end":{"line":36,"column":57}},"23":{"start":{"line":40,"column":28},"end":{"line":40,"column":37}},"24":{"start":{"line":41,"column":8},"end":{"line":41,"column":55}},"25":{"start":{"line":42,"column":8},"end":{"line":42,"column":59}},"26":{"start":{"line":43,"column":8},"end":{"line":43,"column":92}},"27":{"start":{"line":44,"column":8},"end":{"line":44,"column":53}},"28":{"start":{"line":45,"column":8},"end":{"line":45,"column":73}},"29":{"start":{"line":46,"column":8},"end":{"line":46,"column":49}},"30":{"start":{"line":47,"column":8},"end":{"line":47,"column":33}},"31":{"start":{"line":48,"column":8},"end":{"line":48,"column":46}},"32":{"start":{"line":49,"column":8},"end":{"line":49,"column":58}},"33":{"start":{"line":50,"column":8},"end":{"line":50,"column":62}},"34":{"start":{"line":51,"column":8},"end":{"line":51,"column":95}},"35":{"start":{"line":52,"column":8},"end":{"line":52,"column":80}},"36":{"start":{"line":53,"column":8},"end":{"line":53,"column":76}},"37":{"start":{"line":54,"column":8},"end":{"line":54,"column":53}},"38":{"start":{"line":56,"column":21},"end":{"line":56,"column":30}},"39":{"start":{"line":57,"column":8},"end":{"line":60,"column":null}},"40":{"start":{"line":58,"column":10},"end":{"line":58,"column":36}},"41":{"start":{"line":59,"column":10},"end":{"line":59,"column":59}},"42":{"start":{"line":61,"column":8},"end":{"line":61,"column":52}},"43":{"start":{"line":64,"column":20},"end":{"line":64,"column":42}},"44":{"start":{"line":65,"column":4},"end":{"line":65,"column":29}},"45":{"start":{"line":66,"column":4},"end":{"line":66,"column":18}},"46":{"start":{"line":68,"column":18},"end":{"line":68,"column":35}},"47":{"start":{"line":70,"column":26},"end":{"line":100,"column":36}},"48":{"start":{"line":70,"column":53},"end":{"line":100,"column":36}},"49":{"start":{"line":70,"column":58},"end":{"line":100,"column":36}},"50":{"start":{"line":76,"column":4},"end":{"line":76,"column":null}},"51":{"start":{"line":77,"column":19},"end":{"line":77,"column":28}},"52":{"start":{"line":78,"column":4},"end":{"line":97,"column":null}},"53":{"start":{"line":79,"column":6},"end":{"line":96,"column":null}},"54":{"start":{"line":80,"column":8},"end":{"line":80,"column":50}},"55":{"start":{"line":82,"column":30},"end":{"line":82,"column":39}},"56":{"start":{"line":83,"column":8},"end":{"line":83,"column":46}},"57":{"start":{"line":84,"column":8},"end":{"line":84,"column":43}},"58":{"start":{"line":85,"column":8},"end":{"line":85,"column":76}},"59":{"start":{"line":86,"column":8},"end":{"line":86,"column":61}},"60":{"start":{"line":87,"column":8},"end":{"line":87,"column":57}},"61":{"start":{"line":88,"column":8},"end":{"line":88,"column":36}},"62":{"start":{"line":90,"column":21},"end":{"line":90,"column":30}},"63":{"start":{"line":91,"column":8},"end":{"line":94,"column":null}},"64":{"start":{"line":92,"column":10},"end":{"line":92,"column":34}},"65":{"start":{"line":93,"column":10},"end":{"line":93,"column":42}},"66":{"start":{"line":95,"column":8},"end":{"line":95,"column":44}},"67":{"start":{"line":98,"column":4},"end":{"line":98,"column":18}},"68":{"start":{"line":100,"column":18},"end":{"line":100,"column":35}},"69":{"start":{"line":102,"column":27},"end":{"line":115,"column":null}},"70":{"start":{"line":102,"column":87},"end":{"line":115,"column":null}},"71":{"start":{"line":103,"column":8},"end":{"line":103,"column":35}},"72":{"start":{"line":104,"column":8},"end":{"line":104,"column":null}},"73":{"start":{"line":105,"column":8},"end":{"line":105,"column":21}},"74":{"start":{"line":106,"column":8},"end":{"line":106,"column":null}},"75":{"start":{"line":108,"column":2},"end":{"line":114,"column":null}},"76":{"start":{"line":111,"column":16},"end":{"line":111,"column":47}},"77":{"start":{"line":113,"column":6},"end":{"line":113,"column":49}},"78":{"start":{"line":117,"column":25},"end":{"line":140,"column":null}},"79":{"start":{"line":117,"column":99},"end":{"line":140,"column":null}},"80":{"start":{"line":118,"column":8},"end":{"line":118,"column":33}},"81":{"start":{"line":119,"column":8},"end":{"line":119,"column":null}},"82":{"start":{"line":120,"column":8},"end":{"line":120,"column":21}},"83":{"start":{"line":121,"column":8},"end":{"line":121,"column":null}},"84":{"start":{"line":123,"column":2},"end":{"line":139,"column":null}},"85":{"start":{"line":126,"column":16},"end":{"line":126,"column":73}},"86":{"start":{"line":128,"column":24},"end":{"line":128,"column":50}},"87":{"start":{"line":129,"column":6},"end":{"line":134,"column":null}},"88":{"start":{"line":130,"column":8},"end":{"line":133,"column":null}},"89":{"start":{"line":131,"column":10},"end":{"line":132,"column":null}},"90":{"start":{"line":136,"column":16},"end":{"line":136,"column":45}},"91":{"start":{"line":138,"column":6},"end":{"line":138,"column":47}},"92":{"start":{"line":142,"column":35},"end":{"line":146,"column":1}},"93":{"start":{"line":143,"column":2},"end":{"line":145,"column":null}},"94":{"start":{"line":144,"column":14},"end":{"line":144,"column":59}},"95":{"start":{"line":145,"column":18},"end":{"line":145,"column":74}},"96":{"start":{"line":148,"column":30},"end":{"line":152,"column":1}},"97":{"start":{"line":149,"column":2},"end":{"line":151,"column":null}},"98":{"start":{"line":150,"column":14},"end":{"line":150,"column":48}},"99":{"start":{"line":151,"column":18},"end":{"line":151,"column":74}},"100":{"start":{"line":154,"column":33},"end":{"line":158,"column":1}},"101":{"start":{"line":155,"column":2},"end":{"line":157,"column":null}},"102":{"start":{"line":156,"column":14},"end":{"line":156,"column":57}},"103":{"start":{"line":157,"column":18},"end":{"line":157,"column":74}},"104":{"start":{"line":160,"column":28},"end":{"line":164,"column":1}},"105":{"start":{"line":161,"column":2},"end":{"line":163,"column":null}},"106":{"start":{"line":162,"column":14},"end":{"line":162,"column":46}},"107":{"start":{"line":163,"column":18},"end":{"line":163,"column":74}}},"fnMap":{"0":{"name":"(anonymous_13)","decl":{"start":{"line":7,"column":28},"end":{"line":7,"column":35}},"loc":{"start":{"line":7,"column":54},"end":{"line":68,"column":36}}},"1":{"name":"(anonymous_14)","decl":{"start":{"line":7,"column":54},"end":{"line":7,"column":59}},"loc":{"start":{"line":7,"column":54},"end":{"line":68,"column":36}}},"2":{"name":"(anonymous_16)","decl":{"start":{"line":14,"column":8},"end":{"line":14,"column":9}},"loc":{"start":{"line":14,"column":18},"end":{"line":67,"column":3}}},"3":{"name":"(anonymous_17)","decl":{"start":{"line":19,"column":22},"end":{"line":19,"column":23}},"loc":{"start":{"line":19,"column":37},"end":{"line":63,"column":5}}},"4":{"name":"(anonymous_18)","decl":{"start":{"line":68,"column":9},"end":{"line":68,"column":10}},"loc":{"start":{"line":68,"column":13},"end":{"line":68,"column":25}}},"5":{"name":"(anonymous_19)","decl":{"start":{"line":70,"column":26},"end":{"line":70,"column":33}},"loc":{"start":{"line":70,"column":53},"end":{"line":100,"column":36}}},"6":{"name":"(anonymous_20)","decl":{"start":{"line":70,"column":53},"end":{"line":70,"column":58}},"loc":{"start":{"line":70,"column":53},"end":{"line":100,"column":36}}},"7":{"name":"(anonymous_22)","decl":{"start":{"line":75,"column":8},"end":{"line":75,"column":9}},"loc":{"start":{"line":75,"column":16},"end":{"line":99,"column":3}}},"8":{"name":"(anonymous_23)","decl":{"start":{"line":78,"column":20},"end":{"line":78,"column":21}},"loc":{"start":{"line":78,"column":33},"end":{"line":97,"column":5}}},"9":{"name":"(anonymous_24)","decl":{"start":{"line":100,"column":9},"end":{"line":100,"column":10}},"loc":{"start":{"line":100,"column":13},"end":{"line":100,"column":25}}},"10":{"name":"(anonymous_25)","decl":{"start":{"line":102,"column":27},"end":{"line":102,"column":34}},"loc":{"start":{"line":102,"column":87},"end":{"line":115,"column":null}}},"11":{"name":"(anonymous_26)","decl":{"start":{"line":102,"column":87},"end":{"line":102,"column":null}},"loc":{"start":{"line":102,"column":87},"end":{"line":115,"column":null}}},"12":{"name":"(anonymous_28)","decl":{"start":{"line":111,"column":10},"end":{"line":111,"column":16}},"loc":{"start":{"line":111,"column":10},"end":{"line":111,"column":23}}},"13":{"name":"(anonymous_29)","decl":{"start":{"line":112,"column":11},"end":{"line":112,"column":12}},"loc":{"start":{"line":112,"column":15},"end":{"line":114,"column":5}}},"14":{"name":"(anonymous_30)","decl":{"start":{"line":117,"column":25},"end":{"line":117,"column":32}},"loc":{"start":{"line":117,"column":99},"end":{"line":140,"column":null}}},"15":{"name":"(anonymous_31)","decl":{"start":{"line":117,"column":99},"end":{"line":117,"column":null}},"loc":{"start":{"line":117,"column":99},"end":{"line":140,"column":null}}},"16":{"name":"(anonymous_33)","decl":{"start":{"line":126,"column":10},"end":{"line":126,"column":16}},"loc":{"start":{"line":126,"column":10},"end":{"line":126,"column":25}}},"17":{"name":"(anonymous_34)","decl":{"start":{"line":127,"column":10},"end":{"line":127,"column":11}},"loc":{"start":{"line":127,"column":24},"end":{"line":135,"column":5}}},"18":{"name":"(anonymous_35)","decl":{"start":{"line":130,"column":23},"end":{"line":130,"column":24}},"loc":{"start":{"line":130,"column":34},"end":{"line":133,"column":9}}},"19":{"name":"(anonymous_36)","decl":{"start":{"line":136,"column":10},"end":{"line":136,"column":16}},"loc":{"start":{"line":136,"column":10},"end":{"line":136,"column":23}}},"20":{"name":"(anonymous_37)","decl":{"start":{"line":137,"column":11},"end":{"line":137,"column":12}},"loc":{"start":{"line":137,"column":15},"end":{"line":139,"column":5}}},"21":{"name":"(anonymous_38)","decl":{"start":{"line":142,"column":35},"end":{"line":142,"column":36}},"loc":{"start":{"line":142,"column":55},"end":{"line":146,"column":1}}},"22":{"name":"(anonymous_39)","decl":{"start":{"line":144,"column":8},"end":{"line":144,"column":14}},"loc":{"start":{"line":144,"column":8},"end":{"line":144,"column":21}}},"23":{"name":"(anonymous_40)","decl":{"start":{"line":145,"column":9},"end":{"line":145,"column":10}},"loc":{"start":{"line":145,"column":13},"end":{"line":145,"column":25}}},"24":{"name":"(anonymous_41)","decl":{"start":{"line":148,"column":30},"end":{"line":148,"column":31}},"loc":{"start":{"line":148,"column":50},"end":{"line":152,"column":1}}},"25":{"name":"(anonymous_42)","decl":{"start":{"line":150,"column":8},"end":{"line":150,"column":14}},"loc":{"start":{"line":150,"column":8},"end":{"line":150,"column":21}}},"26":{"name":"(anonymous_43)","decl":{"start":{"line":151,"column":9},"end":{"line":151,"column":10}},"loc":{"start":{"line":151,"column":13},"end":{"line":151,"column":25}}},"27":{"name":"(anonymous_44)","decl":{"start":{"line":154,"column":33},"end":{"line":154,"column":34}},"loc":{"start":{"line":154,"column":51},"end":{"line":158,"column":1}}},"28":{"name":"(anonymous_45)","decl":{"start":{"line":156,"column":8},"end":{"line":156,"column":14}},"loc":{"start":{"line":156,"column":8},"end":{"line":156,"column":21}}},"29":{"name":"(anonymous_46)","decl":{"start":{"line":157,"column":9},"end":{"line":157,"column":10}},"loc":{"start":{"line":157,"column":13},"end":{"line":157,"column":25}}},"30":{"name":"(anonymous_47)","decl":{"start":{"line":160,"column":28},"end":{"line":160,"column":29}},"loc":{"start":{"line":160,"column":46},"end":{"line":164,"column":1}}},"31":{"name":"(anonymous_48)","decl":{"start":{"line":162,"column":8},"end":{"line":162,"column":14}},"loc":{"start":{"line":162,"column":8},"end":{"line":162,"column":21}}},"32":{"name":"(anonymous_49)","decl":{"start":{"line":163,"column":9},"end":{"line":163,"column":10}},"loc":{"start":{"line":163,"column":13},"end":{"line":163,"column":25}}}},"branchMap":{"0":{"loc":{"start":{"line":20,"column":6},"end":{"line":62,"column":null}},"type":"if","locations":[{"start":{"line":20,"column":6},"end":{"line":62,"column":null}},{"start":{"line":39,"column":13},"end":{"line":62,"column":null}}]},"1":{"loc":{"start":{"line":21,"column":8},"end":{"line":38,"column":null}},"type":"if","locations":[{"start":{"line":21,"column":8},"end":{"line":38,"column":null}},{"start":{"line":24,"column":15},"end":{"line":38,"column":null}}]},"2":{"loc":{"start":{"line":34,"column":10},"end":{"line":37,"column":null}},"type":"if","locations":[{"start":{"line":34,"column":10},"end":{"line":37,"column":null}}]},"3":{"loc":{"start":{"line":57,"column":8},"end":{"line":60,"column":null}},"type":"if","locations":[{"start":{"line":57,"column":8},"end":{"line":60,"column":null}}]},"4":{"loc":{"start":{"line":79,"column":6},"end":{"line":96,"column":null}},"type":"if","locations":[{"start":{"line":79,"column":6},"end":{"line":96,"column":null}},{"start":{"line":81,"column":13},"end":{"line":96,"column":null}}]},"5":{"loc":{"start":{"line":91,"column":8},"end":{"line":94,"column":null}},"type":"if","locations":[{"start":{"line":91,"column":8},"end":{"line":94,"column":null}}]},"6":{"loc":{"start":{"line":129,"column":6},"end":{"line":134,"column":null}},"type":"if","locations":[{"start":{"line":129,"column":6},"end":{"line":134,"column":null}}]}},"s":{"0":1,"1":2,"2":2,"3":2,"4":2,"5":2,"6":2,"7":2,"8":44,"9":32,"10":6,"11":6,"12":26,"13":26,"14":26,"15":26,"16":26,"17":26,"18":26,"19":26,"20":26,"21":0,"22":0,"23":12,"24":12,"25":12,"26":12,"27":12,"28":12,"29":12,"30":12,"31":12,"32":12,"33":12,"34":12,"35":12,"36":12,"37":12,"38":12,"39":12,"40":6,"41":6,"42":12,"43":2,"44":2,"45":2,"46":0,"47":1,"48":1,"49":1,"50":1,"51":1,"52":1,"53":7,"54":2,"55":5,"56":5,"57":5,"58":5,"59":5,"60":5,"61":5,"62":5,"63":5,"64":1,"65":1,"66":5,"67":1,"68":0,"69":1,"70":1,"71":1,"72":1,"73":1,"74":1,"75":1,"76":1,"77":0,"78":1,"79":1,"80":1,"81":1,"82":1,"83":1,"84":1,"85":1,"86":1,"87":1,"88":0,"89":0,"90":1,"91":0,"92":1,"93":1,"94":1,"95":0,"96":1,"97":1,"98":1,"99":0,"100":1,"101":1,"102":1,"103":0,"104":1,"105":1,"106":1,"107":0},"f":{"0":2,"1":2,"2":2,"3":44,"4":0,"5":1,"6":1,"7":1,"8":7,"9":0,"10":1,"11":1,"12":1,"13":0,"14":1,"15":1,"16":1,"17":1,"18":0,"19":1,"20":0,"21":1,"22":1,"23":0,"24":1,"25":1,"26":0,"27":1,"28":1,"29":0,"30":1,"31":1,"32":0},"b":{"0":[32,12],"1":[6,26],"2":[0],"3":[6],"4":[2,5],"5":[1],"6":[0]}}
}
