TN:
SF:src/index.ts
FN:17,(anonymous_0)
FN:20,(anonymous_1)
FN:23,(anonymous_2)
FN:26,(anonymous_3)
FN:29,(anonymous_4)
FN:38,(anonymous_5)
FN:48,(anonymous_6)
FN:55,(anonymous_7)
FN:62,(anonymous_8)
FN:69,(anonymous_9)
FN:77,(anonymous_10)
FNF:11
FNH:10
FNDA:2,(anonymous_0)
FNDA:2,(anonymous_1)
FNDA:1,(anonymous_2)
FNDA:1,(anonymous_3)
FNDA:1,(anonymous_4)
FNDA:1,(anonymous_5)
FNDA:1,(anonymous_6)
FNDA:1,(anonymous_7)
FNDA:1,(anonymous_8)
FNDA:1,(anonymous_9)
FNDA:0,(anonymous_10)
DA:6,1
DA:7,1
DA:9,1
DA:10,1
DA:11,1
DA:17,1
DA:18,2
DA:19,2
DA:20,2
DA:23,1
DA:24,1
DA:25,1
DA:26,1
DA:29,1
DA:30,1
DA:31,1
DA:32,1
DA:33,1
DA:34,1
DA:35,1
DA:38,1
DA:39,1
DA:40,1
DA:41,1
DA:42,1
DA:43,1
DA:44,1
DA:45,1
DA:48,1
DA:49,1
DA:51,1
DA:52,1
DA:55,1
DA:56,1
DA:58,1
DA:59,1
DA:62,1
DA:63,1
DA:65,1
DA:66,1
DA:69,1
DA:70,1
DA:72,1
DA:73,1
DA:76,1
DA:77,1
DA:79,0
LF:47
LH:46
BRDA:6,0,0,1
BRDA:6,0,1,0
BRF:2
BRH:1
end_of_record
TN:
SF:src/server/db/database.ts
FNF:0
FNH:0
DA:4,1
DA:5,1
DA:6,1
DA:7,1
DA:8,1
DA:11,1
LF:6
LH:6
BRDA:5,0,0,1
BRDA:5,0,1,0
BRDA:6,1,0,1
BRDA:6,1,1,0
BRDA:7,2,0,1
BRDA:7,2,1,1
BRDA:8,3,0,1
BRDA:8,3,1,0
BRF:8
BRH:5
end_of_record
TN:
SF:src/server/db/dbRoutes.ts
FN:7,(anonymous_13)
FN:7,(anonymous_14)
FN:14,(anonymous_16)
FN:19,(anonymous_17)
FN:68,(anonymous_18)
FN:70,(anonymous_19)
FN:70,(anonymous_20)
FN:75,(anonymous_22)
FN:78,(anonymous_23)
FN:100,(anonymous_24)
FN:102,(anonymous_25)
FN:102,(anonymous_26)
FN:111,(anonymous_28)
FN:112,(anonymous_29)
FN:117,(anonymous_30)
FN:117,(anonymous_31)
FN:126,(anonymous_33)
FN:127,(anonymous_34)
FN:130,(anonymous_35)
FN:136,(anonymous_36)
FN:137,(anonymous_37)
FN:142,(anonymous_38)
FN:144,(anonymous_39)
FN:145,(anonymous_40)
FN:148,(anonymous_41)
FN:150,(anonymous_42)
FN:151,(anonymous_43)
FN:154,(anonymous_44)
FN:156,(anonymous_45)
FN:157,(anonymous_46)
FN:160,(anonymous_47)
FN:162,(anonymous_48)
FN:163,(anonymous_49)
FNF:33
FNH:24
FNDA:2,(anonymous_13)
FNDA:2,(anonymous_14)
FNDA:2,(anonymous_16)
FNDA:44,(anonymous_17)
FNDA:0,(anonymous_18)
FNDA:1,(anonymous_19)
FNDA:1,(anonymous_20)
FNDA:1,(anonymous_22)
FNDA:7,(anonymous_23)
FNDA:0,(anonymous_24)
FNDA:1,(anonymous_25)
FNDA:1,(anonymous_26)
FNDA:1,(anonymous_28)
FNDA:0,(anonymous_29)
FNDA:1,(anonymous_30)
FNDA:1,(anonymous_31)
FNDA:1,(anonymous_33)
FNDA:1,(anonymous_34)
FNDA:0,(anonymous_35)
FNDA:1,(anonymous_36)
FNDA:0,(anonymous_37)
FNDA:1,(anonymous_38)
FNDA:1,(anonymous_39)
FNDA:0,(anonymous_40)
FNDA:1,(anonymous_41)
FNDA:1,(anonymous_42)
FNDA:0,(anonymous_43)
FNDA:1,(anonymous_44)
FNDA:1,(anonymous_45)
FNDA:0,(anonymous_46)
FNDA:1,(anonymous_47)
FNDA:1,(anonymous_48)
FNDA:0,(anonymous_49)
DA:7,2
DA:15,2
DA:16,2
DA:17,2
DA:18,2
DA:19,2
DA:20,44
DA:21,32
DA:22,6
DA:23,6
DA:25,26
DA:26,26
DA:27,26
DA:28,26
DA:29,26
DA:30,26
DA:31,26
DA:33,26
DA:34,26
DA:35,0
DA:36,0
DA:40,12
DA:41,12
DA:42,12
DA:43,12
DA:44,12
DA:45,12
DA:46,12
DA:47,12
DA:48,12
DA:49,12
DA:50,12
DA:51,12
DA:52,12
DA:53,12
DA:54,12
DA:56,12
DA:57,12
DA:58,6
DA:59,6
DA:61,12
DA:64,2
DA:65,2
DA:66,2
DA:68,0
DA:70,1
DA:76,1
DA:77,1
DA:78,1
DA:79,7
DA:80,2
DA:82,5
DA:83,5
DA:84,5
DA:85,5
DA:86,5
DA:87,5
DA:88,5
DA:90,5
DA:91,5
DA:92,1
DA:93,1
DA:95,5
DA:98,1
DA:100,0
DA:102,1
DA:103,1
DA:104,1
DA:105,1
DA:106,1
DA:108,1
DA:111,1
DA:113,0
DA:117,1
DA:118,1
DA:119,1
DA:120,1
DA:121,1
DA:123,1
DA:126,1
DA:128,1
DA:129,1
DA:130,0
DA:131,0
DA:136,1
DA:138,0
DA:142,1
DA:143,1
DA:144,1
DA:145,0
DA:148,1
DA:149,1
DA:150,1
DA:151,0
DA:154,1
DA:155,1
DA:156,1
DA:157,0
DA:160,1
DA:161,1
DA:162,1
DA:163,0
LF:102
LH:90
BRDA:20,0,0,32
BRDA:20,0,1,12
BRDA:21,1,0,6
BRDA:21,1,1,26
BRDA:34,2,0,0
BRDA:57,3,0,6
BRDA:79,4,0,2
BRDA:79,4,1,5
BRDA:91,5,0,1
BRDA:129,6,0,0
BRF:10
BRH:8
end_of_record
